<?xml version="1.0" encoding="UTF-8"?>
<!-- Generated by org.testng.reporters.JUnitReportReporter -->
<testsuite hostname="GURLPG02P17R" failures="0" tests="4" name="api.tests.AddPlaceTestByPropertiesFile" time="8.732" errors="0" timestamp="2024-09-21T18:13:18 IST" skipped="0">
  <testcase classname="api.tests.AddPlaceTestByPropertiesFile" name="createPlace" time="2.538"/>
  <system-out/>
  <testcase classname="api.tests.AddPlaceTestByPropertiesFile" name="getResponseByPlaceId" time="1.287"/>
  <system-out/>
  <testcase classname="api.tests.AddPlaceTestByPropertiesFile" name="updateByPlaceId" time="3.032"/>
  <system-out/>
  <testcase classname="api.tests.AddPlaceTestByPropertiesFile" name="deleteByPlaceId" time="1.875"/>
  <system-out/>
</testsuite> <!-- api.tests.AddPlaceTestByPropertiesFile -->
