<?xml version="1.0" encoding="UTF-8"?>
<!-- Generated by org.testng.reporters.JUnitReportReporter -->
<testsuite hostname="GURLPG02P17R" failures="0" tests="4" name="api.tests.AddPlaceTest" time="9.626" errors="0" timestamp="2024-09-21T14:24:47 IST" skipped="0">
  <testcase classname="api.tests.AddPlaceTest" name="createPlace" time="3.829"/>
  <system-out/>
  <testcase classname="api.tests.AddPlaceTest" name="getResponseByPlaceId" time="1.283"/>
  <system-out/>
  <testcase classname="api.tests.AddPlaceTest" name="updateByPlaceId" time="2.810"/>
  <system-out/>
  <testcase classname="api.tests.AddPlaceTest" name="deleteByPlaceId" time="1.704"/>
  <system-out/>
</testsuite> <!-- api.tests.AddPlaceTest -->
