<?xml version="1.0" encoding="UTF-8"?>
<!-- Generated by org.testng.reporters.JUnitReportReporter -->
<testsuite hostname="GURLPG02P17R" failures="0" tests="5" name="api.tests.DDTests" time="12.277" errors="0" timestamp="2024-09-20T23:09:45 IST" skipped="0">
  <testcase classname="api.tests.DDTests" name="AddPlacedataTest" time="3.589"/>
  <system-out/>
  <testcase classname="api.tests.DDTests" name="AddPlacedataTest" time="0.209"/>
  <system-out/>
  <testcase classname="api.tests.DDTests" name="AddPlacedataTest" time="0.227"/>
  <system-out/>
  <testcase classname="api.tests.DDTests" name="AddPlacedataTest" time="0.256"/>
  <system-out/>
  <testcase classname="api.tests.DDTests" name="deleteAllPlacesTest" time="7.996"/>
  <system-out/>
</testsuite> <!-- api.tests.DDTests -->
