<?xml version="1.0" encoding="UTF-8"?>
<!-- Generated by org.testng.reporters.JUnitReportReporter -->
<testsuite hostname="GURLPG02P17R" failures="0" tests="4" name="api.tests.AddPlaceTestByPropertiesFile" time="11.190" errors="0" timestamp="2024-09-22T00:50:36 IST" skipped="0">
  <testcase classname="api.tests.AddPlaceTestByPropertiesFile" name="createPlace" time="5.420"/>
  <system-out/>
  <testcase classname="api.tests.AddPlaceTestByPropertiesFile" name="getResponseByPlaceId" time="1.195"/>
  <system-out/>
  <testcase classname="api.tests.AddPlaceTestByPropertiesFile" name="updateByPlaceId" time="2.870"/>
  <system-out/>
  <testcase classname="api.tests.AddPlaceTestByPropertiesFile" name="deleteByPlaceId" time="1.705"/>
  <system-out/>
</testsuite> <!-- api.tests.AddPlaceTestByPropertiesFile -->
